<?xml version="1.0" encoding="UTF-8"?>
<robot generator="Robot 4.0.1 (Python 3.8.9 on win32)" generated="20210503 10:44:38.662" rpa="false" schemaversion="2">
<suite id="s1" name="TC First" source="C:\Users\priya pandey\PycharmProjects\robotProject\TC_First.robot">
<test id="s1-t1" name="TC_001_Basic Check">
<kw name="Basic SetUp" type="SETUP">
<kw name="Log" library="BuiltIn">
<arg>This is execute before every TCs</arg>
<doc>Logs the given message with the given level.</doc>
<msg timestamp="20210503 10:44:38.831" level="INFO">This is execute before every TCs</msg>
<status status="PASS" starttime="20210503 10:44:38.831" endtime="20210503 10:44:38.831"/>
</kw>
<status status="PASS" starttime="20210503 10:44:38.831" endtime="20210503 10:44:38.831"/>
</kw>
<kw name="Log" library="BuiltIn">
<arg>Welcome to VDS TECH LABS</arg>
<doc>Logs the given message with the given level.</doc>
<msg timestamp="20210503 10:44:38.831" level="INFO">Welcome to VDS TECH LABS</msg>
<status status="PASS" starttime="20210503 10:44:38.831" endtime="20210503 10:44:38.831"/>
</kw>
<kw name="Basic TearDown" type="TEARDOWN">
<kw name="Log" library="BuiltIn">
<arg>This is execute after every TCs</arg>
<doc>Logs the given message with the given level.</doc>
<msg timestamp="20210503 10:44:38.831" level="INFO">This is execute after every TCs</msg>
<status status="PASS" starttime="20210503 10:44:38.831" endtime="20210503 10:44:38.831"/>
</kw>
<status status="PASS" starttime="20210503 10:44:38.831" endtime="20210503 10:44:38.831"/>
</kw>
<status status="PASS" starttime="20210503 10:44:38.831" endtime="20210503 10:44:38.831"/>
</test>
<test id="s1-t2" name="TC_001_Selenium operation">
<kw name="Basic SetUp" type="SETUP">
<kw name="Log" library="BuiltIn">
<arg>This is execute before every TCs</arg>
<doc>Logs the given message with the given level.</doc>
<msg timestamp="20210503 10:44:38.831" level="INFO">This is execute before every TCs</msg>
<status status="PASS" starttime="20210503 10:44:38.831" endtime="20210503 10:44:38.831"/>
</kw>
<status status="PASS" starttime="20210503 10:44:38.831" endtime="20210503 10:44:38.831"/>
</kw>
<kw name="Open Browser" library="SeleniumLibrary">
<arg>${URL}</arg>
<arg>${BROWSER}</arg>
<doc>Opens a new browser instance to the optional ``url``.</doc>
<msg timestamp="20210503 10:44:38.831" level="INFO">Opening browser 'Chrome' to base url 'http://way2automation.com/way2auto_jquery/index.php'.</msg>
<status status="PASS" starttime="20210503 10:44:38.831" endtime="20210503 10:44:43.262"/>
</kw>
<kw name="Maximize Browser Window" library="SeleniumLibrary">
<doc>Maximizes current browser window.</doc>
<status status="PASS" starttime="20210503 10:44:43.263" endtime="20210503 10:44:43.425"/>
</kw>
<kw name="Input Text" library="SeleniumLibrary">
<arg>name:name</arg>
<arg>VDS TECH LABS</arg>
<doc>Types the given ``text`` into the text field identified by ``locator``.</doc>
<msg timestamp="20210503 10:44:43.427" level="INFO">Typing text 'VDS TECH LABS' into text field 'name:name'.</msg>
<status status="PASS" starttime="20210503 10:44:43.427" endtime="20210503 10:44:43.868"/>
</kw>
<kw name="Input Text" library="SeleniumLibrary">
<arg>name:phone</arg>
<arg>7827734894</arg>
<doc>Types the given ``text`` into the text field identified by ``locator``.</doc>
<msg timestamp="20210503 10:44:43.870" level="INFO">Typing text '7827734894' into text field 'name:phone'.</msg>
<status status="PASS" starttime="20210503 10:44:43.869" endtime="20210503 10:44:43.956"/>
</kw>
<kw name="Input Text" library="SeleniumLibrary">
<arg>name:email</arg>
<arg>abc@g.com</arg>
<doc>Types the given ``text`` into the text field identified by ``locator``.</doc>
<msg timestamp="20210503 10:44:43.956" level="INFO">Typing text 'abc@g.com' into text field 'name:email'.</msg>
<status status="PASS" starttime="20210503 10:44:43.956" endtime="20210503 10:44:44.031"/>
</kw>
<kw name="Select From List By Index" library="SeleniumLibrary">
<arg>name:country</arg>
<arg>3</arg>
<doc>Selects options from selection list ``locator`` by ``indexes``.</doc>
<msg timestamp="20210503 10:44:44.032" level="INFO">Selecting options from selection list 'name:country' by index 3.</msg>
<status status="PASS" starttime="20210503 10:44:44.032" endtime="20210503 10:44:44.107"/>
</kw>
<kw name="Input Text" library="SeleniumLibrary">
<arg>name:city</arg>
<arg>New Delhi</arg>
<doc>Types the given ``text`` into the text field identified by ``locator``.</doc>
<msg timestamp="20210503 10:44:44.108" level="INFO">Typing text 'New Delhi' into text field 'name:city'.</msg>
<status status="PASS" starttime="20210503 10:44:44.108" endtime="20210503 10:44:44.177"/>
</kw>
<kw name="Input Text" library="SeleniumLibrary">
<arg>xpath:(//input[@name='username'])[2]</arg>
<arg>Praveen</arg>
<doc>Types the given ``text`` into the text field identified by ``locator``.</doc>
<msg timestamp="20210503 10:44:44.178" level="INFO">Typing text 'Praveen' into text field 'xpath:(//input[@name='username'])[2]'.</msg>
<status status="PASS" starttime="20210503 10:44:44.177" endtime="20210503 10:44:44.263"/>
</kw>
<kw name="Input Text" library="SeleniumLibrary">
<arg>xpath:(//input[@name='password'])[2]</arg>
<arg>Architect</arg>
<doc>Types the given ``text`` into the text field identified by ``locator``.</doc>
<msg timestamp="20210503 10:44:44.263" level="INFO">Typing text 'Architect' into text field 'xpath:(//input[@name='password'])[2]'.</msg>
<status status="PASS" starttime="20210503 10:44:44.263" endtime="20210503 10:44:44.340"/>
</kw>
<kw name="Click Button" library="SeleniumLibrary">
<arg>xpath:(//input[@class='button'])[2]</arg>
<doc>Clicks the button identified by ``locator``.</doc>
<msg timestamp="20210503 10:44:44.341" level="INFO">Clicking button 'xpath:(//input[@class='button'])[2]'.</msg>
<status status="PASS" starttime="20210503 10:44:44.341" endtime="20210503 10:44:44.392"/>
</kw>
<kw name="Basic TearDown" type="TEARDOWN">
<kw name="Log" library="BuiltIn">
<arg>This is execute after every TCs</arg>
<doc>Logs the given message with the given level.</doc>
<msg timestamp="20210503 10:44:44.393" level="INFO">This is execute after every TCs</msg>
<status status="PASS" starttime="20210503 10:44:44.393" endtime="20210503 10:44:44.394"/>
</kw>
<status status="PASS" starttime="20210503 10:44:44.393" endtime="20210503 10:44:44.394"/>
</kw>
<status status="PASS" starttime="20210503 10:44:38.831" endtime="20210503 10:44:44.394"/>
</test>
<status status="PASS" starttime="20210503 10:44:38.665" endtime="20210503 10:44:44.396"/>
</suite>
<statistics>
<total>
<stat pass="2" fail="0" skip="0">All Tests</stat>
</total>
<tag>
</tag>
<suite>
<stat pass="2" fail="0" skip="0" id="s1" name="TC First">TC First</stat>
</suite>
</statistics>
<errors>
</errors>
</robot>
